Determining if the Q_WS_WIN exist failed with the following output:
Change Dir: /home/jona/Desktop/Proy_Homero/Proy_Invest/build/CMakeFiles/CMakeTmp

Run Build Command:"/usr/bin/make" "cmTC_4ac71/fast"
/usr/bin/make -f CMakeFiles/cmTC_4ac71.dir/build.make CMakeFiles/cmTC_4ac71.dir/build
make[1]: Entering directory '/home/jona/Desktop/Proy_Homero/Proy_Invest/build/CMakeFiles/CMakeTmp'
Building CXX object CMakeFiles/cmTC_4ac71.dir/CheckSymbolExists.cxx.o
/usr/bin/c++    -I/usr/include/qt4  -std=c++14 -pthread    -o CMakeFiles/cmTC_4ac71.dir/CheckSymbolExists.cxx.o -c /home/jona/Desktop/Proy_Homero/Proy_Invest/build/CMakeFiles/CMakeTmp/CheckSymbolExists.cxx
/home/jona/Desktop/Proy_Homero/Proy_Invest/build/CMakeFiles/CMakeTmp/CheckSymbolExists.cxx: In function ‘int main(int, char**)’:
/home/jona/Desktop/Proy_Homero/Proy_Invest/build/CMakeFiles/CMakeTmp/CheckSymbolExists.cxx:8:19: error: ‘Q_WS_WIN’ was not declared in this scope
   return ((int*)(&Q_WS_WIN))[argc];
                   ^
CMakeFiles/cmTC_4ac71.dir/build.make:65: recipe for target 'CMakeFiles/cmTC_4ac71.dir/CheckSymbolExists.cxx.o' failed
make[1]: *** [CMakeFiles/cmTC_4ac71.dir/CheckSymbolExists.cxx.o] Error 1
make[1]: Leaving directory '/home/jona/Desktop/Proy_Homero/Proy_Invest/build/CMakeFiles/CMakeTmp'
Makefile:126: recipe for target 'cmTC_4ac71/fast' failed
make: *** [cmTC_4ac71/fast] Error 2

File /home/jona/Desktop/Proy_Homero/Proy_Invest/build/CMakeFiles/CMakeTmp/CheckSymbolExists.cxx:
/* */
#include <QtCore/qglobal.h>

int main(int argc, char** argv)
{
  (void)argv;
#ifndef Q_WS_WIN
  return ((int*)(&Q_WS_WIN))[argc];
#else
  (void)argc;
  return 0;
#endif
}

Determining if the Q_WS_QWS exist failed with the following output:
Change Dir: /home/jona/Desktop/Proy_Homero/Proy_Invest/build/CMakeFiles/CMakeTmp

Run Build Command:"/usr/bin/make" "cmTC_d52df/fast"
/usr/bin/make -f CMakeFiles/cmTC_d52df.dir/build.make CMakeFiles/cmTC_d52df.dir/build
make[1]: Entering directory '/home/jona/Desktop/Proy_Homero/Proy_Invest/build/CMakeFiles/CMakeTmp'
Building CXX object CMakeFiles/cmTC_d52df.dir/CheckSymbolExists.cxx.o
/usr/bin/c++    -I/usr/include/qt4  -std=c++14 -pthread    -o CMakeFiles/cmTC_d52df.dir/CheckSymbolExists.cxx.o -c /home/jona/Desktop/Proy_Homero/Proy_Invest/build/CMakeFiles/CMakeTmp/CheckSymbolExists.cxx
/home/jona/Desktop/Proy_Homero/Proy_Invest/build/CMakeFiles/CMakeTmp/CheckSymbolExists.cxx: In function ‘int main(int, char**)’:
/home/jona/Desktop/Proy_Homero/Proy_Invest/build/CMakeFiles/CMakeTmp/CheckSymbolExists.cxx:8:19: error: ‘Q_WS_QWS’ was not declared in this scope
   return ((int*)(&Q_WS_QWS))[argc];
                   ^
CMakeFiles/cmTC_d52df.dir/build.make:65: recipe for target 'CMakeFiles/cmTC_d52df.dir/CheckSymbolExists.cxx.o' failed
make[1]: *** [CMakeFiles/cmTC_d52df.dir/CheckSymbolExists.cxx.o] Error 1
make[1]: Leaving directory '/home/jona/Desktop/Proy_Homero/Proy_Invest/build/CMakeFiles/CMakeTmp'
Makefile:126: recipe for target 'cmTC_d52df/fast' failed
make: *** [cmTC_d52df/fast] Error 2

File /home/jona/Desktop/Proy_Homero/Proy_Invest/build/CMakeFiles/CMakeTmp/CheckSymbolExists.cxx:
/* */
#include <QtCore/qglobal.h>

int main(int argc, char** argv)
{
  (void)argv;
#ifndef Q_WS_QWS
  return ((int*)(&Q_WS_QWS))[argc];
#else
  (void)argc;
  return 0;
#endif
}

Determining if the Q_WS_MAC exist failed with the following output:
Change Dir: /home/jona/Desktop/Proy_Homero/Proy_Invest/build/CMakeFiles/CMakeTmp

Run Build Command:"/usr/bin/make" "cmTC_90d54/fast"
/usr/bin/make -f CMakeFiles/cmTC_90d54.dir/build.make CMakeFiles/cmTC_90d54.dir/build
make[1]: Entering directory '/home/jona/Desktop/Proy_Homero/Proy_Invest/build/CMakeFiles/CMakeTmp'
Building CXX object CMakeFiles/cmTC_90d54.dir/CheckSymbolExists.cxx.o
/usr/bin/c++    -I/usr/include/qt4  -std=c++14 -pthread    -o CMakeFiles/cmTC_90d54.dir/CheckSymbolExists.cxx.o -c /home/jona/Desktop/Proy_Homero/Proy_Invest/build/CMakeFiles/CMakeTmp/CheckSymbolExists.cxx
/home/jona/Desktop/Proy_Homero/Proy_Invest/build/CMakeFiles/CMakeTmp/CheckSymbolExists.cxx: In function ‘int main(int, char**)’:
/home/jona/Desktop/Proy_Homero/Proy_Invest/build/CMakeFiles/CMakeTmp/CheckSymbolExists.cxx:8:19: error: ‘Q_WS_MAC’ was not declared in this scope
   return ((int*)(&Q_WS_MAC))[argc];
                   ^
CMakeFiles/cmTC_90d54.dir/build.make:65: recipe for target 'CMakeFiles/cmTC_90d54.dir/CheckSymbolExists.cxx.o' failed
make[1]: *** [CMakeFiles/cmTC_90d54.dir/CheckSymbolExists.cxx.o] Error 1
make[1]: Leaving directory '/home/jona/Desktop/Proy_Homero/Proy_Invest/build/CMakeFiles/CMakeTmp'
Makefile:126: recipe for target 'cmTC_90d54/fast' failed
make: *** [cmTC_90d54/fast] Error 2

File /home/jona/Desktop/Proy_Homero/Proy_Invest/build/CMakeFiles/CMakeTmp/CheckSymbolExists.cxx:
/* */
#include <QtCore/qglobal.h>

int main(int argc, char** argv)
{
  (void)argv;
#ifndef Q_WS_MAC
  return ((int*)(&Q_WS_MAC))[argc];
#else
  (void)argc;
  return 0;
#endif
}

Determining if the pthread_create exist failed with the following output:
Change Dir: /home/jona/Desktop/Proy_Homero/Proy_Invest/build/CMakeFiles/CMakeTmp

Run Build Command:"/usr/bin/make" "cmTC_1c28d/fast"
/usr/bin/make -f CMakeFiles/cmTC_1c28d.dir/build.make CMakeFiles/cmTC_1c28d.dir/build
make[1]: Entering directory '/home/jona/Desktop/Proy_Homero/Proy_Invest/build/CMakeFiles/CMakeTmp'
Building C object CMakeFiles/cmTC_1c28d.dir/CheckSymbolExists.c.o
/usr/bin/cc     -o CMakeFiles/cmTC_1c28d.dir/CheckSymbolExists.c.o   -c /home/jona/Desktop/Proy_Homero/Proy_Invest/build/CMakeFiles/CMakeTmp/CheckSymbolExists.c
Linking C executable cmTC_1c28d
/usr/bin/cmake -E cmake_link_script CMakeFiles/cmTC_1c28d.dir/link.txt --verbose=1
/usr/bin/cc       CMakeFiles/cmTC_1c28d.dir/CheckSymbolExists.c.o  -o cmTC_1c28d -rdynamic 
CMakeFiles/cmTC_1c28d.dir/CheckSymbolExists.c.o: In function `main':
CheckSymbolExists.c:(.text+0x16): undefined reference to `pthread_create'
collect2: error: ld returned 1 exit status
CMakeFiles/cmTC_1c28d.dir/build.make:97: recipe for target 'cmTC_1c28d' failed
make[1]: *** [cmTC_1c28d] Error 1
make[1]: Leaving directory '/home/jona/Desktop/Proy_Homero/Proy_Invest/build/CMakeFiles/CMakeTmp'
Makefile:126: recipe for target 'cmTC_1c28d/fast' failed
make: *** [cmTC_1c28d/fast] Error 2

File /home/jona/Desktop/Proy_Homero/Proy_Invest/build/CMakeFiles/CMakeTmp/CheckSymbolExists.c:
/* */
#include <pthread.h>

int main(int argc, char** argv)
{
  (void)argv;
#ifndef pthread_create
  return ((int*)(&pthread_create))[argc];
#else
  (void)argc;
  return 0;
#endif
}

Determining if the function pthread_create exists in the pthreads failed with the following output:
Change Dir: /home/jona/Desktop/Proy_Homero/Proy_Invest/build/CMakeFiles/CMakeTmp

Run Build Command:"/usr/bin/make" "cmTC_d3351/fast"
/usr/bin/make -f CMakeFiles/cmTC_d3351.dir/build.make CMakeFiles/cmTC_d3351.dir/build
make[1]: Entering directory '/home/jona/Desktop/Proy_Homero/Proy_Invest/build/CMakeFiles/CMakeTmp'
Building C object CMakeFiles/cmTC_d3351.dir/CheckFunctionExists.c.o
/usr/bin/cc    -DCHECK_FUNCTION_EXISTS=pthread_create   -o CMakeFiles/cmTC_d3351.dir/CheckFunctionExists.c.o   -c /usr/share/cmake-3.5/Modules/CheckFunctionExists.c
Linking C executable cmTC_d3351
/usr/bin/cmake -E cmake_link_script CMakeFiles/cmTC_d3351.dir/link.txt --verbose=1
/usr/bin/cc   -DCHECK_FUNCTION_EXISTS=pthread_create    CMakeFiles/cmTC_d3351.dir/CheckFunctionExists.c.o  -o cmTC_d3351 -rdynamic -lpthreads 
/usr/bin/ld: cannot find -lpthreads
collect2: error: ld returned 1 exit status
CMakeFiles/cmTC_d3351.dir/build.make:97: recipe for target 'cmTC_d3351' failed
make[1]: *** [cmTC_d3351] Error 1
make[1]: Leaving directory '/home/jona/Desktop/Proy_Homero/Proy_Invest/build/CMakeFiles/CMakeTmp'
Makefile:126: recipe for target 'cmTC_d3351/fast' failed
make: *** [cmTC_d3351/fast] Error 2


